[0.171s] Invoking command in '/home/conner/mechatronics/pid/build/pid_controller': CMAKE_PREFIX_PATH=/home/conner/mechatronics/pid/install/robot_types:/home/conner/mechatronics/pid/install/dummy_sensor:/home/conner/mechatronics/pid/install/dummy_brain:/opt/ros/foxy /usr/bin/cmake --build /home/conner/mechatronics/pid/build/pid_controller -- -j8 -l8
[0.207s] [35m[1mScanning dependencies of target pid_controller[0m
[0.244s] [ 50%] [32mBuilding CXX object CMakeFiles/pid_controller.dir/src/pid_controller.cpp.o[0m
[1.704s] [01m[K/home/conner/mechatronics/pid/pid_controller/src/pid_controller.cpp:[m[K In constructor â€˜[01m[KController::Controller()[m[Kâ€™:
[1.704s] [01m[K/home/conner/mechatronics/pid/pid_controller/src/pid_controller.cpp:34:10:[m[K [01;31m[Kerror: [m[Kâ€˜[01m[Kdesired_poisition[m[Kâ€™ was not declared in this scope; did you mean â€˜[01m[Kdesired_position_[m[Kâ€™?
[1.704s]    34 |         ([01;31m[Kdesired_poisition[m[K, 10, std::bind(&Controller::desired_position_callback, this, _1));
[1.704s]       |          [01;31m[K^~~~~~~~~~~~~~~~~[m[K
[1.704s]       |          [32m[Kdesired_position_[m[K
[1.705s] [01m[K/home/conner/mechatronics/pid/pid_controller/src/pid_controller.cpp:34:56:[m[K [01;31m[Kerror: [m[Kâ€˜[01m[Kdesired_position_callback[m[Kâ€™ is not a member of â€˜[01m[KController[m[Kâ€™
[1.705s]    34 |         (desired_poisition, 10, std::bind(&Controller::[01;31m[Kdesired_position_callback[m[K, this, _1));
[1.705s]       |                                                        [01;31m[K^~~~~~~~~~~~~~~~~~~~~~~~~[m[K
[1.710s] [01m[K/home/conner/mechatronics/pid/pid_controller/src/pid_controller.cpp:[m[K In member function â€˜[01m[Kstd::vector<int> Controller::getError(std::vector<int>, std::vector<int>)[m[Kâ€™:
[1.710s] [01m[K/home/conner/mechatronics/pid/pid_controller/src/pid_controller.cpp:65:27:[m[K [01;35m[Kwarning: [m[Kcomparison of integer expressions of different signedness: â€˜[01m[Kint[m[Kâ€™ and â€˜[01m[Kstd::vector<int>::size_type[m[Kâ€™ {aka â€˜[01m[Klong unsigned int[m[Kâ€™} [[01;35m[K-Wsign-compare[m[K]
[1.710s]    65 |         for (int i = 0; [01;35m[Ki < desired_position.size()[m[K; i++)
[1.710s]       |                         [01;35m[K~~^~~~~~~~~~~~~~~~~~~~~~~~~[m[K
[3.180s] make[2]: *** [CMakeFiles/pid_controller.dir/build.make:63: CMakeFiles/pid_controller.dir/src/pid_controller.cpp.o] Error 1
[3.180s] make[1]: *** [CMakeFiles/Makefile2:78: CMakeFiles/pid_controller.dir/all] Error 2
[3.180s] make: *** [Makefile:141: all] Error 2
[3.188s] Invoked command in '/home/conner/mechatronics/pid/build/pid_controller' returned '2': CMAKE_PREFIX_PATH=/home/conner/mechatronics/pid/install/robot_types:/home/conner/mechatronics/pid/install/dummy_sensor:/home/conner/mechatronics/pid/install/dummy_brain:/opt/ros/foxy /usr/bin/cmake --build /home/conner/mechatronics/pid/build/pid_controller -- -j8 -l8
