[0.181s] Invoking command in '/home/conner/mechatronics/pid/build/pid_controller': CMAKE_PREFIX_PATH=/home/conner/mechatronics/pid/install/robot_types:/home/conner/mechatronics/pid/install/dummy_sensor:/home/conner/mechatronics/pid/install/dummy_brain:/opt/ros/foxy /usr/bin/cmake --build /home/conner/mechatronics/pid/build/pid_controller -- -j8 -l8
[0.218s] [35m[1mScanning dependencies of target pid_controller[0m
[0.247s] [ 50%] [32mBuilding CXX object CMakeFiles/pid_controller.dir/src/pid_controller.cpp.o[0m
[1.680s] [01m[K/home/conner/mechatronics/pid/pid_controller/src/pid_controller.cpp:[m[K In constructor â€˜[01m[KController::Controller()[m[Kâ€™:
[1.680s] [01m[K/home/conner/mechatronics/pid/pid_controller/src/pid_controller.cpp:34:56:[m[K [01;31m[Kerror: [m[Kâ€˜[01m[Kdesired_position_callback[m[Kâ€™ is not a member of â€˜[01m[KController[m[Kâ€™
[1.680s]    34 |         (desired_position_, 10, std::bind(&Controller::[01;31m[Kdesired_position_callback[m[K, this, _1));
[1.681s]       |                                                        [01;31m[K^~~~~~~~~~~~~~~~~~~~~~~~~[m[K
[3.269s] make[2]: *** [CMakeFiles/pid_controller.dir/build.make:63: CMakeFiles/pid_controller.dir/src/pid_controller.cpp.o] Error 1
[3.270s] make[1]: *** [CMakeFiles/Makefile2:78: CMakeFiles/pid_controller.dir/all] Error 2
[3.270s] make: *** [Makefile:141: all] Error 2
[3.277s] Invoked command in '/home/conner/mechatronics/pid/build/pid_controller' returned '2': CMAKE_PREFIX_PATH=/home/conner/mechatronics/pid/install/robot_types:/home/conner/mechatronics/pid/install/dummy_sensor:/home/conner/mechatronics/pid/install/dummy_brain:/opt/ros/foxy /usr/bin/cmake --build /home/conner/mechatronics/pid/build/pid_controller -- -j8 -l8
