[35m[1mScanning dependencies of target pid_controller[0m
[ 50%] [32mBuilding CXX object CMakeFiles/pid_controller.dir/src/pid_controller.cpp.o[0m
[01m[K/home/conner/mechatronics/pid/pid_controller/src/pid_controller.cpp:[m[K In constructor â€˜[01m[KController::Controller()[m[Kâ€™:
[01m[K/home/conner/mechatronics/pid/pid_controller/src/pid_controller.cpp:34:10:[m[K [01;31m[Kerror: [m[Kâ€˜[01m[Kdesired_poisition[m[Kâ€™ was not declared in this scope; did you mean â€˜[01m[Kdesired_position_[m[Kâ€™?
   34 |         ([01;31m[Kdesired_poisition[m[K, 10, std::bind(&Controller::desired_position_callback, this, _1));
      |          [01;31m[K^~~~~~~~~~~~~~~~~[m[K
      |          [32m[Kdesired_position_[m[K
[01m[K/home/conner/mechatronics/pid/pid_controller/src/pid_controller.cpp:34:56:[m[K [01;31m[Kerror: [m[Kâ€˜[01m[Kdesired_position_callback[m[Kâ€™ is not a member of â€˜[01m[KController[m[Kâ€™
   34 |         (desired_poisition, 10, std::bind(&Controller::[01;31m[Kdesired_position_callback[m[K, this, _1));
      |                                                        [01;31m[K^~~~~~~~~~~~~~~~~~~~~~~~~[m[K
[01m[K/home/conner/mechatronics/pid/pid_controller/src/pid_controller.cpp:[m[K In member function â€˜[01m[Kvoid Controller::position_sensor_callback(robot_types::msg::Position_<std::allocator<void> >::SharedPtr)[m[Kâ€™:
[01m[K/home/conner/mechatronics/pid/pid_controller/src/pid_controller.cpp:51:31:[m[K [01;31m[Kerror: [m[Kno matching function for call to â€˜[01m[KController::getError()[m[Kâ€™
   51 |          printVector(getError([01;31m[K)[m[K);
      |                               [01;31m[K^[m[K
[01m[K/home/conner/mechatronics/pid/pid_controller/src/pid_controller.cpp:62:17:[m[K [01;36m[Knote: [m[Kcandidate: â€˜[01m[Kstd::vector<int> Controller::getError(std::vector<int>, std::vector<int>)[m[Kâ€™
   62 |     vector<int> [01;36m[KgetError[m[K(vector<int> desired_position, vector<int> current_position)
      |                 [01;36m[K^~~~~~~~[m[K
[01m[K/home/conner/mechatronics/pid/pid_controller/src/pid_controller.cpp:62:17:[m[K [01;36m[Knote: [m[K  candidate expects 2 arguments, 0 provided
[01m[K/home/conner/mechatronics/pid/pid_controller/src/pid_controller.cpp:[m[K In member function â€˜[01m[Kstd::vector<int> Controller::getError(std::vector<int>, std::vector<int>)[m[Kâ€™:
[01m[K/home/conner/mechatronics/pid/pid_controller/src/pid_controller.cpp:65:27:[m[K [01;35m[Kwarning: [m[Kcomparison of integer expressions of different signedness: â€˜[01m[Kint[m[Kâ€™ and â€˜[01m[Kstd::vector<int>::size_type[m[Kâ€™ {aka â€˜[01m[Klong unsigned int[m[Kâ€™} [[01;35m[K-Wsign-compare[m[K]
   65 |         for (int i = 0; [01;35m[Ki < desired_position.size()[m[K; i++)
      |                         [01;35m[K~~^~~~~~~~~~~~~~~~~~~~~~~~~[m[K
make[2]: *** [CMakeFiles/pid_controller.dir/build.make:63: CMakeFiles/pid_controller.dir/src/pid_controller.cpp.o] Error 1
make[1]: *** [CMakeFiles/Makefile2:78: CMakeFiles/pid_controller.dir/all] Error 2
make: *** [Makefile:141: all] Error 2
