[35m[1mScanning dependencies of target pid_controller[0m
[ 50%] [32mBuilding CXX object CMakeFiles/pid_controller.dir/src/pid_controller.cpp.o[0m
[01m[K/home/conner/mechatronics/pid/pid_controller/src/pid_controller.cpp:[m[K In member function â€˜[01m[Kvoid Controller::position_sensor_callback(robot_types::msg::Position_<std::allocator<void> >::SharedPtr) const[m[Kâ€™:
[01m[K/home/conner/mechatronics/pid/pid_controller/src/pid_controller.cpp:45:37:[m[K [01;31m[Kerror: [m[Kpassing â€˜[01m[Kconst Controller[m[Kâ€™ as â€˜[01m[Kthis[m[Kâ€™ argument discards qualifiers [[01;31m[K-fpermissive[m[K]
   45 |     printVector(msg->position_vector[01;31m[K)[m[K;
      |                                     [01;31m[K^[m[K
[01m[K/home/conner/mechatronics/pid/pid_controller/src/pid_controller.cpp:48:10:[m[K [01;36m[Knote: [m[K  in call to â€˜[01m[Kvoid Controller::printVector(std::vector<int>)[m[Kâ€™
   48 |     void [01;36m[KprintVector[m[K(vector<int> intVector)
      |          [01;36m[K^~~~~~~~~~~[m[K
make[2]: *** [CMakeFiles/pid_controller.dir/build.make:63: CMakeFiles/pid_controller.dir/src/pid_controller.cpp.o] Error 1
make[1]: *** [CMakeFiles/Makefile2:78: CMakeFiles/pid_controller.dir/all] Error 2
make: *** [Makefile:141: all] Error 2
